0 verbose cli /data/data/com.termux/files/usr/bin/node /data/data/com.termux/files/usr/bin/npm
1 info using npm@11.13.0
2 info using node@v24.14.1
3 silly config load:file:/data/data/com.termux/files/usr/lib/node_modules/npm/npmrc
4 silly config load:file:/data/data/com.termux/files/home/lemba-back/.npmrc
5 silly config load:file:/data/data/com.termux/files/home/.npmrc
6 silly config load:file:/data/data/com.termux/files/usr/etc/npmrc
7 verbose title npm install better-sqlite
8 verbose argv "install" "better-sqlite"
9 verbose logfile logs-max:10 dir:/data/data/com.termux/files/home/.npm/_logs/2026-05-13T17_19_36_198Z-
10 verbose logfile /data/data/com.termux/files/home/.npm/_logs/2026-05-13T17_19_36_198Z-debug-0.log
11 silly logfile start cleaning logs, removing 1 files
12 silly logfile done cleaning log files
13 silly packumentCache heap:533987328 maxSize:133496832 maxEntrySize:66748416
14 verbose shrinkwrap failed to load node_modules/.package-lock.json out of date, updated: node_modules
15 silly idealTree buildDeps
16 silly fetch manifest better-sqlite@*
17 silly packumentCache full:https://registry.npmjs.org/better-sqlite cache-miss
18 http fetch GET 404 https://registry.npmjs.org/better-sqlite 1169ms (cache skip)
19 silly placeDep ROOT better-sqlite@ OK for: lemba-back@1.0.0 want: *
20 verbose stack HttpErrorGeneral: 404 Not Found - GET https://registry.npmjs.org/better-sqlite - Not found
20 verbose stack     at /data/data/com.termux/files/usr/lib/node_modules/npm/node_modules/npm-registry-fetch/lib/check-response.js:103:15
20 verbose stack     at process.processTicksAndRejections (node:internal/process/task_queues:104:5)
20 verbose stack     at async RegistryFetcher.packument (/data/data/com.termux/files/usr/lib/node_modules/npm/node_modules/pacote/lib/registry.js:90:19)
20 verbose stack     at async RegistryFetcher.manifest (/data/data/com.termux/files/usr/lib/node_modules/npm/node_modules/pacote/lib/registry.js:128:23)
20 verbose stack     at async #fetchManifest (/data/data/com.termux/files/usr/lib/node_modules/npm/node_modules/@npmcli/arborist/lib/arborist/build-ideal-tree.js:1217:20)
20 verbose stack     at async #nodeFromEdge (/data/data/com.termux/files/usr/lib/node_modules/npm/node_modules/@npmcli/arborist/lib/arborist/build-ideal-tree.js:1054:19)
20 verbose stack     at async #buildDepStep (/data/data/com.termux/files/usr/lib/node_modules/npm/node_modules/@npmcli/arborist/lib/arborist/build-ideal-tree.js:917:11)
20 verbose stack     at async Arborist.buildIdealTree (/data/data/com.termux/files/usr/lib/node_modules/npm/node_modules/@npmcli/arborist/lib/arborist/build-ideal-tree.js:170:7)
20 verbose stack     at async Promise.all (index 1)
20 verbose stack     at async Arborist.reify (/data/data/com.termux/files/usr/lib/node_modules/npm/node_modules/@npmcli/arborist/lib/arborist/reify.js:111:5)
21 verbose statusCode 404
22 verbose pkgid better-sqlite@*
23 error code E404
24 error 404 Not Found - GET https://registry.npmjs.org/better-sqlite - Not found
25 error 404
26 error 404  The requested resource 'better-sqlite@*' could not be found or you do not have permission to access it.
27 error 404
28 error 404 Note that you can also install from a
29 error 404 tarball, folder, http url, or git url.
30 silly unfinished npm timer reify 1778692778614
31 silly unfinished npm timer reify:loadTrees 1778692778618
32 verbose cwd /data/data/com.termux/files/home/lemba-back
33 verbose os Linux 5.15.178-android13-8-g6e4a9375250c-dirty
34 verbose node v24.14.1
35 verbose npm  v11.13.0
36 verbose exit 1
37 verbose code 1
38 error A complete log of this run can be found in: /data/data/com.termux/files/home/.npm/_logs/2026-05-13T17_19_36_198Z-debug-0.log
