0 verbose cli /data/data/com.termux/files/usr/bin/node /data/data/com.termux/files/usr/bin/npm
1 info using npm@11.13.0
2 info using node@v24.14.1
3 silly config load:file:/data/data/com.termux/files/usr/lib/node_modules/npm/npmrc
4 silly config load:file:/data/data/com.termux/files/home/home-nucleo/.npmrc
5 silly config load:file:/data/data/com.termux/files/home/.npmrc
6 silly config load:file:/data/data/com.termux/files/usr/etc/npmrc
7 verbose title npm install express nodemon express-handlebars handlebars cors
8 verbose argv "install" "express" "nodemon" "express-handlebars" "handlebars" "cors"
9 verbose logfile logs-max:10 dir:/data/data/com.termux/files/home/.npm/_logs/2026-05-12T07_21_28_430Z-
10 verbose logfile /data/data/com.termux/files/home/.npm/_logs/2026-05-12T07_21_28_430Z-debug-0.log
11 silly logfile start cleaning logs, removing 1 files
12 silly logfile done cleaning log files
13 silly packumentCache heap:533987328 maxSize:133496832 maxEntrySize:66748416
14 silly idealTree buildDeps
15 silly fetch manifest express@*
16 silly packumentCache full:https://registry.npmjs.org/express cache-miss
17 http fetch GET 200 https://registry.npmjs.org/express 1139ms (cache revalidated)
18 silly packumentCache full:https://registry.npmjs.org/express set size:804926 disposed:false
19 silly fetch manifest nodemon@*
20 silly packumentCache full:https://registry.npmjs.org/nodemon cache-miss
21 http fetch GET 200 https://registry.npmjs.org/nodemon 431ms (cache revalidated)
22 silly packumentCache full:https://registry.npmjs.org/nodemon set size:661805 disposed:false
23 silly fetch manifest express-handlebars@*
24 silly packumentCache full:https://registry.npmjs.org/express-handlebars cache-miss
25 http fetch GET 200 https://registry.npmjs.org/express-handlebars 408ms (cache revalidated)
26 silly packumentCache full:https://registry.npmjs.org/express-handlebars set size:212466 disposed:false
27 silly fetch manifest handlebars@*
28 silly packumentCache full:https://registry.npmjs.org/handlebars cache-miss
29 http fetch GET 200 https://registry.npmjs.org/handlebars 391ms (cache revalidated)
30 silly packumentCache full:https://registry.npmjs.org/handlebars set size:253315 disposed:false
31 silly fetch manifest cors@*
32 silly packumentCache full:https://registry.npmjs.org/cors cache-miss
33 http fetch GET 200 https://registry.npmjs.org/cors 408ms (cache revalidated)
34 silly packumentCache full:https://registry.npmjs.org/cors set size:77956 disposed:false
35 silly placeDep ROOT cors@2.8.6 OK for: home-nucleo@1.0.0 want: *
36 silly placeDep ROOT express@5.2.1 OK for: home-nucleo@1.0.0 want: *
37 silly placeDep ROOT express-handlebars@9.0.1 OK for: home-nucleo@1.0.0 want: *
38 silly placeDep ROOT handlebars@4.7.9 OK for: home-nucleo@1.0.0 want: *
39 silly placeDep ROOT nodemon@3.1.14 OK for: home-nucleo@1.0.0 want: *
40 silly fetch manifest object-assign@^4
41 silly packumentCache full:https://registry.npmjs.org/object-assign cache-miss
42 silly fetch manifest vary@^1
43 silly packumentCache full:https://registry.npmjs.org/vary cache-miss
44 silly fetch manifest qs@^6.14.0
45 silly packumentCache full:https://registry.npmjs.org/qs cache-miss
46 silly fetch manifest depd@^2.0.0
47 silly packumentCache full:https://registry.npmjs.org/depd cache-miss
48 silly fetch manifest etag@^1.8.1
49 silly packumentCache full:https://registry.npmjs.org/etag cache-miss
50 silly fetch manifest once@^1.4.0
51 silly packumentCache full:https://registry.npmjs.org/once cache-miss
52 silly fetch manifest send@^1.1.0
53 silly packumentCache full:https://registry.npmjs.org/send cache-miss
54 http fetch GET 200 https://registry.npmjs.org/qs 455ms (cache revalidated)
55 silly packumentCache full:https://registry.npmjs.org/qs set size:353582 disposed:false
56 silly fetch manifest vary@^1.1.2
57 silly packumentCache full:https://registry.npmjs.org/vary cache-miss
58 http fetch GET 200 https://registry.npmjs.org/vary 752ms (cache revalidated)
59 silly packumentCache full:https://registry.npmjs.org/vary set size:15994 disposed:false
60 silly fetch manifest debug@^4.4.0
61 silly packumentCache full:https://registry.npmjs.org/debug cache-miss
62 http fetch GET 200 https://registry.npmjs.org/vary 266ms (cache revalidated)
63 silly packumentCache full:https://registry.npmjs.org/vary set size:15994 disposed:false
64 silly packumentCache full:https://registry.npmjs.org/vary dispose
65 silly fetch manifest fresh@^2.0.0
66 silly packumentCache full:https://registry.npmjs.org/fresh cache-miss
67 http fetch GET 200 https://registry.npmjs.org/object-assign 805ms (cache revalidated)
68 silly packumentCache full:https://registry.npmjs.org/object-assign set size:28988 disposed:false
69 silly fetch manifest cookie@^0.7.1
70 silly packumentCache full:https://registry.npmjs.org/cookie cache-miss
71 http fetch GET 200 https://registry.npmjs.org/etag 809ms (cache revalidated)
72 silly packumentCache full:https://registry.npmjs.org/etag set size:30032 disposed:false
73 silly fetch manifest router@^2.2.0
74 silly packumentCache full:https://registry.npmjs.org/router cache-miss
75 http fetch GET 200 https://registry.npmjs.org/once 824ms (cache revalidated)
76 silly packumentCache full:https://registry.npmjs.org/once set size:11752 disposed:false
77 silly fetch manifest accepts@^2.0.0
78 silly packumentCache full:https://registry.npmjs.org/accepts cache-miss
79 http fetch GET 200 https://registry.npmjs.org/depd 855ms (cache revalidated)
80 silly packumentCache full:https://registry.npmjs.org/depd set size:40182 disposed:false
81 silly fetch manifest type-is@^2.0.1
82 silly packumentCache full:https://registry.npmjs.org/type-is cache-miss
83 http fetch GET 200 https://registry.npmjs.org/send 881ms (cache revalidated)
84 silly packumentCache full:https://registry.npmjs.org/send set size:152810 disposed:false
85 silly fetch manifest parseurl@^1.3.3
86 silly packumentCache full:https://registry.npmjs.org/parseurl cache-miss
87 http fetch GET 200 https://registry.npmjs.org/debug 567ms (cache revalidated)
88 silly packumentCache full:https://registry.npmjs.org/debug set size:195840 disposed:false
89 silly fetch manifest statuses@^2.0.1
90 silly packumentCache full:https://registry.npmjs.org/statuses cache-miss
91 http fetch GET 200 https://registry.npmjs.org/router 572ms (cache revalidated)
92 silly packumentCache full:https://registry.npmjs.org/router set size:116499 disposed:false
93 silly fetch manifest encodeurl@^2.0.0
94 silly packumentCache full:https://registry.npmjs.org/encodeurl cache-miss
95 http fetch GET 200 https://registry.npmjs.org/fresh 652ms (cache revalidated)
96 silly packumentCache full:https://registry.npmjs.org/fresh set size:25427 disposed:false
97 silly fetch manifest mime-types@^3.0.0
98 silly packumentCache full:https://registry.npmjs.org/mime-types cache-miss
99 http fetch GET 200 https://registry.npmjs.org/cookie 635ms (cache revalidated)
100 silly packumentCache full:https://registry.npmjs.org/cookie set size:72891 disposed:false
101 silly fetch manifest proxy-addr@^2.0.7
102 silly packumentCache full:https://registry.npmjs.org/proxy-addr cache-miss
103 http fetch GET 200 https://registry.npmjs.org/type-is 605ms (cache revalidated)
104 silly packumentCache full:https://registry.npmjs.org/type-is set size:86196 disposed:false
105 silly fetch manifest body-parser@^2.2.1
106 silly packumentCache full:https://registry.npmjs.org/body-parser cache-miss
107 http fetch GET 200 https://registry.npmjs.org/accepts 649ms (cache revalidated)
108 silly packumentCache full:https://registry.npmjs.org/accepts set size:77054 disposed:false
109 silly fetch manifest escape-html@^1.0.3
110 silly packumentCache full:https://registry.npmjs.org/escape-html cache-miss
111 http fetch GET 200 https://registry.npmjs.org/parseurl 617ms (cache revalidated)
112 silly packumentCache full:https://registry.npmjs.org/parseurl set size:24148 disposed:false
113 silly fetch manifest http-errors@^2.0.0
114 silly packumentCache full:https://registry.npmjs.org/http-errors cache-miss
115 http fetch GET 200 https://registry.npmjs.org/statuses 578ms (cache revalidated)
116 silly packumentCache full:https://registry.npmjs.org/statuses set size:37117 disposed:false
117 silly fetch manifest on-finished@^2.4.1
118 silly packumentCache full:https://registry.npmjs.org/on-finished cache-miss
119 http fetch GET 200 https://registry.npmjs.org/mime-types 562ms (cache revalidated)
120 silly packumentCache full:https://registry.npmjs.org/mime-types set size:139110 disposed:false
121 silly fetch manifest content-type@^1.0.5
122 silly packumentCache full:https://registry.npmjs.org/content-type cache-miss
123 http fetch GET 200 https://registry.npmjs.org/proxy-addr 558ms (cache revalidated)
124 silly packumentCache full:https://registry.npmjs.org/proxy-addr set size:61619 disposed:false
125 silly fetch manifest finalhandler@^2.1.0
126 silly packumentCache full:https://registry.npmjs.org/finalhandler cache-miss
127 http fetch GET 200 https://registry.npmjs.org/escape-html 530ms (cache revalidated)
128 silly packumentCache full:https://registry.npmjs.org/escape-html set size:7345 disposed:false
129 silly fetch manifest range-parser@^1.2.1
130 silly packumentCache full:https://registry.npmjs.org/range-parser cache-miss
131 http fetch GET 200 https://registry.npmjs.org/http-errors 514ms (cache revalidated)
132 silly packumentCache full:https://registry.npmjs.org/http-errors set size:71987 disposed:false
133 silly fetch manifest serve-static@^2.2.0
134 silly packumentCache full:https://registry.npmjs.org/serve-static cache-miss
135 http fetch GET 200 https://registry.npmjs.org/body-parser 591ms (cache revalidated)
136 silly packumentCache full:https://registry.npmjs.org/body-parser set size:199299 disposed:false
137 silly fetch manifest cookie-signature@^1.2.1
138 silly packumentCache full:https://registry.npmjs.org/cookie-signature cache-miss
139 http fetch GET 200 https://registry.npmjs.org/encodeurl 694ms (cache revalidated)
140 silly packumentCache full:https://registry.npmjs.org/encodeurl set size:12296 disposed:false
141 silly fetch manifest merge-descriptors@^2.0.0
142 silly packumentCache full:https://registry.npmjs.org/merge-descriptors cache-miss
143 http fetch GET 200 https://registry.npmjs.org/content-type 237ms (cache revalidated)
144 silly packumentCache full:https://registry.npmjs.org/content-type set size:18994 disposed:false
145 silly fetch manifest content-disposition@^1.0.0
146 silly packumentCache full:https://registry.npmjs.org/content-disposition cache-miss
147 http fetch GET 200 https://registry.npmjs.org/on-finished 569ms (cache revalidated)
148 silly packumentCache full:https://registry.npmjs.org/on-finished set size:23212 disposed:false
149 silly fetch manifest glob@^13.0.6
150 silly packumentCache full:https://registry.npmjs.org/glob cache-miss
151 http fetch GET 200 https://registry.npmjs.org/serve-static 465ms (cache revalidated)
152 silly packumentCache full:https://registry.npmjs.org/serve-static set size:150391 disposed:false
153 silly fetch manifest graceful-fs@^4.2.11
154 silly packumentCache full:https://registry.npmjs.org/graceful-fs cache-miss
155 http fetch GET 200 https://registry.npmjs.org/finalhandler 529ms (cache revalidated)
156 silly packumentCache full:https://registry.npmjs.org/finalhandler set size:79291 disposed:false
157 silly fetch manifest handlebars@^4.7.9
158 silly packumentCache full:https://registry.npmjs.org/handlebars cache-hit
159 silly fetch manifest minimist@^1.2.5
160 silly packumentCache full:https://registry.npmjs.org/minimist cache-miss
161 http fetch GET 200 https://registry.npmjs.org/merge-descriptors 497ms (cache revalidated)
162 silly packumentCache full:https://registry.npmjs.org/merge-descriptors set size:16527 disposed:false
163 silly fetch manifest neo-async@^2.6.2
164 silly packumentCache full:https://registry.npmjs.org/neo-async cache-miss
165 http fetch GET 200 https://registry.npmjs.org/range-parser 589ms (cache revalidated)
166 silly packumentCache full:https://registry.npmjs.org/range-parser set size:22228 disposed:false
167 silly fetch manifest source-map@^0.6.1
168 silly packumentCache full:https://registry.npmjs.org/source-map cache-miss
169 http fetch GET 200 https://registry.npmjs.org/cookie-signature 553ms (cache revalidated)
170 silly packumentCache full:https://registry.npmjs.org/cookie-signature set size:21777 disposed:false
171 silly fetch manifest wordwrap@^1.0.0
172 silly packumentCache full:https://registry.npmjs.org/wordwrap cache-miss
173 http fetch GET 200 https://registry.npmjs.org/content-disposition 453ms (cache revalidated)
174 silly packumentCache full:https://registry.npmjs.org/content-disposition set size:40258 disposed:false
175 silly fetch manifest uglify-js@^3.1.4
176 silly packumentCache full:https://registry.npmjs.org/uglify-js cache-miss
177 http fetch GET 200 https://registry.npmjs.org/glob 529ms (cache revalidated)
178 silly packumentCache full:https://registry.npmjs.org/glob set size:469465 disposed:false
179 silly fetch manifest debug@^4
180 silly packumentCache full:https://registry.npmjs.org/debug cache-hit
181 silly fetch manifest touch@^3.1.0
182 silly packumentCache full:https://registry.npmjs.org/touch cache-miss
183 http fetch GET 200 https://registry.npmjs.org/graceful-fs 579ms (cache revalidated)
184 silly packumentCache full:https://registry.npmjs.org/graceful-fs set size:124285 disposed:false
185 silly fetch manifest semver@^7.5.3
186 silly packumentCache full:https://registry.npmjs.org/semver cache-miss
187 http fetch GET 200 https://registry.npmjs.org/minimist 606ms (cache revalidated)
188 silly packumentCache full:https://registry.npmjs.org/minimist set size:77063 disposed:false
189 silly fetch manifest chokidar@^3.5.2
190 silly packumentCache full:https://registry.npmjs.org/chokidar cache-miss
191 http fetch GET 200 https://registry.npmjs.org/source-map 563ms (cache revalidated)
192 silly packumentCache full:https://registry.npmjs.org/source-map set size:226212 disposed:false
193 silly fetch manifest minimatch@^10.2.1
194 silly packumentCache full:https://registry.npmjs.org/minimatch cache-miss
195 http fetch GET 200 https://registry.npmjs.org/wordwrap 579ms (cache revalidated)
196 silly packumentCache full:https://registry.npmjs.org/wordwrap set size:9026 disposed:false
197 silly fetch manifest undefsafe@^2.0.5
198 silly packumentCache full:https://registry.npmjs.org/undefsafe cache-miss
199 http fetch GET 200 https://registry.npmjs.org/neo-async 637ms (cache revalidated)
200 silly packumentCache full:https://registry.npmjs.org/neo-async set size:155670 disposed:false
201 silly fetch manifest pstree.remy@^1.1.8
202 silly packumentCache full:https://registry.npmjs.org/pstree.remy cache-miss
203 http fetch GET 200 https://registry.npmjs.org/uglify-js 567ms (cache revalidated)
204 silly packumentCache full:https://registry.npmjs.org/uglify-js set size:673858 disposed:false
205 silly fetch manifest supports-color@^5.5.0
206 silly packumentCache full:https://registry.npmjs.org/supports-color cache-miss
207 http fetch GET 200 https://registry.npmjs.org/supports-color 156ms (cache revalidated)
208 silly packumentCache full:https://registry.npmjs.org/supports-color set size:118680 disposed:false
209 silly fetch manifest ignore-by-default@^1.0.1
210 silly packumentCache full:https://registry.npmjs.org/ignore-by-default cache-miss
211 http fetch GET 200 https://registry.npmjs.org/touch 689ms (cache revalidated)
212 silly packumentCache full:https://registry.npmjs.org/touch set size:16906 disposed:false
213 silly fetch manifest simple-update-notifier@^2.0.0
214 silly packumentCache full:https://registry.npmjs.org/simple-update-notifier cache-miss
215 http fetch GET 200 https://registry.npmjs.org/chokidar 608ms (cache revalidated)
216 silly packumentCache full:https://registry.npmjs.org/chokidar set size:255902 disposed:false
217 http fetch GET 200 https://registry.npmjs.org/semver 705ms (cache revalidated)
218 silly packumentCache full:https://registry.npmjs.org/semver set size:233058 disposed:false
219 http fetch GET 200 https://registry.npmjs.org/minimatch 652ms (cache revalidated)
220 silly packumentCache full:https://registry.npmjs.org/minimatch set size:375282 disposed:false
221 http fetch GET 200 https://registry.npmjs.org/undefsafe 674ms (cache revalidated)
222 silly packumentCache full:https://registry.npmjs.org/undefsafe set size:24059 disposed:false
223 http fetch GET 200 https://registry.npmjs.org/pstree.remy 668ms (cache revalidated)
224 silly packumentCache full:https://registry.npmjs.org/pstree.remy set size:19800 disposed:false
225 http fetch GET 200 https://registry.npmjs.org/ignore-by-default 439ms (cache revalidated)
226 silly packumentCache full:https://registry.npmjs.org/ignore-by-default set size:9946 disposed:false
227 http fetch GET 200 https://registry.npmjs.org/simple-update-notifier 517ms (cache revalidated)
228 silly packumentCache full:https://registry.npmjs.org/simple-update-notifier set size:44879 disposed:false
229 silly placeDep ROOT object-assign@4.1.1 OK for: cors@2.8.6 want: ^4
230 silly placeDep ROOT vary@1.1.2 OK for: cors@2.8.6 want: ^1
231 silly placeDep ROOT accepts@2.0.0 OK for: express@5.2.1 want: ^2.0.0
232 silly placeDep ROOT body-parser@2.2.2 OK for: express@5.2.1 want: ^2.2.1
233 silly placeDep ROOT content-disposition@1.1.0 OK for: express@5.2.1 want: ^1.0.0
234 silly placeDep ROOT content-type@1.0.5 OK for: express@5.2.1 want: ^1.0.5
235 silly placeDep ROOT cookie@0.7.2 OK for: express@5.2.1 want: ^0.7.1
236 silly placeDep ROOT cookie-signature@1.2.2 OK for: express@5.2.1 want: ^1.2.1
237 silly placeDep ROOT debug@4.4.3 OK for: express@5.2.1 want: ^4.4.0
238 silly placeDep ROOT depd@2.0.0 OK for: express@5.2.1 want: ^2.0.0
239 silly placeDep ROOT encodeurl@2.0.0 OK for: express@5.2.1 want: ^2.0.0
240 silly placeDep ROOT escape-html@1.0.3 OK for: express@5.2.1 want: ^1.0.3
241 silly placeDep ROOT etag@1.8.1 OK for: express@5.2.1 want: ^1.8.1
242 silly placeDep ROOT finalhandler@2.1.1 OK for: express@5.2.1 want: ^2.1.0
243 silly placeDep ROOT fresh@2.0.0 OK for: express@5.2.1 want: ^2.0.0
244 silly placeDep ROOT http-errors@2.0.1 OK for: express@5.2.1 want: ^2.0.0
245 silly placeDep ROOT merge-descriptors@2.0.0 OK for: express@5.2.1 want: ^2.0.0
246 silly placeDep ROOT mime-types@3.0.2 OK for: express@5.2.1 want: ^3.0.0
247 silly placeDep ROOT on-finished@2.4.1 OK for: express@5.2.1 want: ^2.4.1
248 silly placeDep ROOT once@1.4.0 OK for: express@5.2.1 want: ^1.4.0
249 silly placeDep ROOT parseurl@1.3.3 OK for: express@5.2.1 want: ^1.3.3
250 silly placeDep ROOT proxy-addr@2.0.7 OK for: express@5.2.1 want: ^2.0.7
251 silly placeDep ROOT qs@6.15.1 OK for: express@5.2.1 want: ^6.14.0
252 silly placeDep ROOT range-parser@1.2.1 OK for: express@5.2.1 want: ^1.2.1
253 silly placeDep ROOT router@2.2.0 OK for: express@5.2.1 want: ^2.2.0
254 silly placeDep ROOT send@1.2.1 OK for: express@5.2.1 want: ^1.1.0
255 silly placeDep ROOT serve-static@2.2.1 OK for: express@5.2.1 want: ^2.2.0
256 silly placeDep ROOT statuses@2.0.2 OK for: express@5.2.1 want: ^2.0.1
257 silly placeDep ROOT type-is@2.0.1 OK for: express@5.2.1 want: ^2.0.1
258 silly fetch manifest negotiator@^1.0.0
259 silly packumentCache full:https://registry.npmjs.org/negotiator cache-miss
260 silly fetch manifest qs@^6.14.1
261 silly packumentCache full:https://registry.npmjs.org/qs cache-hit
262 silly fetch manifest bytes@^3.1.2
263 silly packumentCache full:https://registry.npmjs.org/bytes cache-miss
264 silly fetch manifest debug@^4.4.3
265 silly packumentCache full:https://registry.npmjs.org/debug cache-hit
266 silly fetch manifest raw-body@^3.0.1
267 silly packumentCache full:https://registry.npmjs.org/raw-body cache-miss
268 silly fetch manifest iconv-lite@^0.7.0
269 silly packumentCache full:https://registry.npmjs.org/iconv-lite cache-miss
270 silly fetch manifest ms@^2.1.3
271 silly packumentCache full:https://registry.npmjs.org/ms cache-miss
272 silly fetch manifest inherits@~2.0.4
273 silly packumentCache full:https://registry.npmjs.org/inherits cache-miss
274 silly fetch manifest setprototypeof@~1.2.0
275 silly packumentCache full:https://registry.npmjs.org/setprototypeof cache-miss
276 http fetch GET 200 https://registry.npmjs.org/negotiator 513ms (cache revalidated)
277 silly packumentCache full:https://registry.npmjs.org/negotiator set size:48046 disposed:false
278 silly fetch manifest statuses@~2.0.2
279 silly packumentCache full:https://registry.npmjs.org/statuses cache-hit
280 silly fetch manifest toidentifier@~1.0.1
281 silly packumentCache full:https://registry.npmjs.org/toidentifier cache-miss
282 http fetch GET 200 https://registry.npmjs.org/setprototypeof 479ms (cache revalidated)
283 silly packumentCache full:https://registry.npmjs.org/setprototypeof set size:14532 disposed:false
284 silly fetch manifest mime-db@^1.54.0
285 silly packumentCache full:https://registry.npmjs.org/mime-db cache-miss
286 http fetch GET 200 https://registry.npmjs.org/iconv-lite 524ms (cache revalidated)
287 silly packumentCache full:https://registry.npmjs.org/iconv-lite set size:120557 disposed:false
288 silly fetch manifest ee-first@1.1.1
289 silly packumentCache full:https://registry.npmjs.org/ee-first cache-miss
290 http fetch GET 200 https://registry.npmjs.org/raw-body 562ms (cache revalidated)
291 silly packumentCache full:https://registry.npmjs.org/raw-body set size:117822 disposed:false
292 silly fetch manifest wrappy@1
293 silly packumentCache full:https://registry.npmjs.org/wrappy cache-miss
294 http fetch GET 200 https://registry.npmjs.org/bytes 601ms (cache revalidated)
295 silly packumentCache full:https://registry.npmjs.org/bytes set size:37018 disposed:false
296 silly fetch manifest forwarded@0.2.0
297 silly packumentCache full:https://registry.npmjs.org/forwarded cache-miss
298 http fetch GET 200 https://registry.npmjs.org/inherits 598ms (cache revalidated)
299 silly packumentCache full:https://registry.npmjs.org/inherits set size:12925 disposed:false
300 silly fetch manifest ipaddr.js@1.9.1
301 silly packumentCache full:https://registry.npmjs.org/ipaddr.js cache-miss
302 http fetch GET 200 https://registry.npmjs.org/ms 629ms (cache revalidated)
303 silly packumentCache full:https://registry.npmjs.org/ms set size:92208 disposed:false
304 silly fetch manifest side-channel@^1.1.0
305 silly packumentCache full:https://registry.npmjs.org/side-channel cache-miss
306 http fetch GET 200 https://registry.npmjs.org/wrappy 480ms (cache revalidated)
307 silly packumentCache full:https://registry.npmjs.org/wrappy set size:7682 disposed:false
308 silly fetch manifest is-promise@^4.0.0
309 silly packumentCache full:https://registry.npmjs.org/is-promise cache-miss
310 http fetch GET 200 https://registry.npmjs.org/mime-db 545ms (cache revalidated)
311 silly packumentCache full:https://registry.npmjs.org/mime-db set size:164953 disposed:false
312 silly fetch manifest path-to-regexp@^8.0.0
313 silly packumentCache full:https://registry.npmjs.org/path-to-regexp cache-miss
314 http fetch GET 200 https://registry.npmjs.org/toidentifier 597ms (cache revalidated)
315 silly packumentCache full:https://registry.npmjs.org/toidentifier set size:12006 disposed:false
316 silly fetch manifest statuses@^2.0.2
317 silly packumentCache full:https://registry.npmjs.org/statuses cache-hit
318 silly fetch manifest media-typer@^1.1.0
319 silly packumentCache full:https://registry.npmjs.org/media-typer cache-miss
320 http fetch GET 200 https://registry.npmjs.org/ee-first 597ms (cache revalidated)
321 silly packumentCache full:https://registry.npmjs.org/ee-first set size:15327 disposed:false
322 http fetch GET 200 https://registry.npmjs.org/forwarded 563ms (cache revalidated)
323 silly packumentCache full:https://registry.npmjs.org/forwarded set size:11229 disposed:false
324 http fetch GET 200 https://registry.npmjs.org/side-channel 505ms (cache revalidated)
325 silly packumentCache full:https://registry.npmjs.org/side-channel set size:24660 disposed:false
326 http fetch GET 200 https://registry.npmjs.org/ipaddr.js 552ms (cache revalidated)
327 silly packumentCache full:https://registry.npmjs.org/ipaddr.js set size:69563 disposed:false
328 http fetch GET 200 https://registry.npmjs.org/is-promise 488ms (cache revalidated)
329 silly packumentCache full:https://registry.npmjs.org/is-promise set size:18599 disposed:false
330 http fetch GET 200 https://registry.npmjs.org/path-to-regexp 475ms (cache revalidated)
331 silly packumentCache full:https://registry.npmjs.org/path-to-regexp set size:216334 disposed:false
332 http fetch GET 200 https://registry.npmjs.org/media-typer 484ms (cache revalidated)
333 silly packumentCache full:https://registry.npmjs.org/media-typer set size:20873 disposed:false
334 silly placeDep ROOT negotiator@1.0.0 OK for: accepts@2.0.0 want: ^1.0.0
335 silly placeDep ROOT bytes@3.1.2 OK for: body-parser@2.2.2 want: ^3.1.2
336 silly placeDep ROOT iconv-lite@0.7.2 OK for: body-parser@2.2.2 want: ^0.7.0
337 silly placeDep ROOT raw-body@3.0.2 OK for: body-parser@2.2.2 want: ^3.0.1
338 silly fetch manifest safer-buffer@>= 2.1.2 < 3.0.0
339 silly packumentCache full:https://registry.npmjs.org/safer-buffer cache-miss
340 silly fetch manifest unpipe@~1.0.0
341 silly packumentCache full:https://registry.npmjs.org/unpipe cache-miss
342 http fetch GET 200 https://registry.npmjs.org/safer-buffer 381ms (cache revalidated)
343 silly packumentCache full:https://registry.npmjs.org/safer-buffer set size:18521 disposed:false
344 http fetch GET 200 https://registry.npmjs.org/unpipe 401ms (cache revalidated)
345 silly packumentCache full:https://registry.npmjs.org/unpipe set size:3609 disposed:false
346 silly placeDep ROOT ms@2.1.3 OK for: debug@4.4.3 want: ^2.1.3
347 silly placeDep ROOT glob@13.0.6 OK for: express-handlebars@9.0.1 want: ^13.0.6
348 silly placeDep ROOT graceful-fs@4.2.11 OK for: express-handlebars@9.0.1 want: ^4.2.11
349 silly fetch manifest minimatch@^10.2.2
350 silly packumentCache full:https://registry.npmjs.org/minimatch cache-hit
351 silly fetch manifest minipass@^7.1.3
352 silly packumentCache full:https://registry.npmjs.org/minipass cache-miss
353 silly fetch manifest path-scurry@^2.0.2
354 silly packumentCache full:https://registry.npmjs.org/path-scurry cache-miss
355 http fetch GET 200 https://registry.npmjs.org/path-scurry 440ms (cache revalidated)
356 silly packumentCache full:https://registry.npmjs.org/path-scurry set size:117612 disposed:false
357 http fetch GET 200 https://registry.npmjs.org/minipass 472ms (cache revalidated)
358 silly packumentCache full:https://registry.npmjs.org/minipass set size:276925 disposed:false
359 silly placeDep ROOT minimatch@10.2.5 OK for: glob@13.0.6 want: ^10.2.2
360 silly placeDep ROOT minipass@7.1.3 OK for: glob@13.0.6 want: ^7.1.3
361 silly placeDep ROOT path-scurry@2.0.2 OK for: glob@13.0.6 want: ^2.0.2
362 silly fetch manifest brace-expansion@^5.0.5
363 silly packumentCache full:https://registry.npmjs.org/brace-expansion cache-miss
364 silly fetch manifest lru-cache@^11.0.0
365 silly packumentCache full:https://registry.npmjs.org/lru-cache cache-miss
366 http fetch GET 200 https://registry.npmjs.org/lru-cache 429ms (cache revalidated)
367 silly packumentCache full:https://registry.npmjs.org/lru-cache set size:443567 disposed:false
368 http fetch GET 200 https://registry.npmjs.org/brace-expansion 504ms (cache revalidated)
369 silly packumentCache full:https://registry.npmjs.org/brace-expansion set size:70654 disposed:false
370 silly placeDep ROOT minimist@1.2.8 OK for: handlebars@4.7.9 want: ^1.2.5
371 silly placeDep ROOT neo-async@2.6.2 OK for: handlebars@4.7.9 want: ^2.6.2
372 silly placeDep ROOT source-map@0.6.1 OK for: handlebars@4.7.9 want: ^0.6.1
373 silly placeDep ROOT uglify-js@3.19.3 OK for: handlebars@4.7.9 want: ^3.1.4
374 silly placeDep ROOT wordwrap@1.0.0 OK for: handlebars@4.7.9 want: ^1.0.0
375 silly placeDep ROOT inherits@2.0.4 OK for: http-errors@2.0.1 want: ~2.0.4
376 silly placeDep ROOT setprototypeof@1.2.0 OK for: http-errors@2.0.1 want: ~1.2.0
377 silly placeDep ROOT toidentifier@1.0.1 OK for: http-errors@2.0.1 want: ~1.0.1
378 silly placeDep ROOT safer-buffer@2.1.2 OK for: iconv-lite@0.7.2 want: >= 2.1.2 < 3.0.0
379 silly placeDep ROOT mime-db@1.54.0 OK for: mime-types@3.0.2 want: ^1.54.0
380 silly placeDep ROOT brace-expansion@5.0.6 OK for: minimatch@10.2.5 want: ^5.0.5
381 silly fetch manifest balanced-match@^4.0.2
382 silly packumentCache full:https://registry.npmjs.org/balanced-match cache-miss
383 http fetch GET 200 https://registry.npmjs.org/balanced-match 369ms (cache revalidated)
384 silly packumentCache full:https://registry.npmjs.org/balanced-match set size:39082 disposed:false
385 silly placeDep ROOT balanced-match@4.0.4 OK for: brace-expansion@5.0.6 want: ^4.0.2
386 silly placeDep ROOT chokidar@3.6.0 OK for: nodemon@3.1.14 want: ^3.5.2
387 silly placeDep ROOT ignore-by-default@1.0.1 OK for: nodemon@3.1.14 want: ^1.0.1
388 silly placeDep ROOT pstree.remy@1.1.8 OK for: nodemon@3.1.14 want: ^1.1.8
389 silly placeDep ROOT semver@7.8.0 OK for: nodemon@3.1.14 want: ^7.5.3
390 silly placeDep ROOT simple-update-notifier@2.0.0 OK for: nodemon@3.1.14 want: ^2.0.0
391 silly placeDep ROOT supports-color@5.5.0 OK for: nodemon@3.1.14 want: ^5.5.0
392 silly placeDep ROOT touch@3.1.1 OK for: nodemon@3.1.14 want: ^3.1.0
393 silly placeDep ROOT undefsafe@2.0.5 OK for: nodemon@3.1.14 want: ^2.0.5
394 silly fetch manifest braces@~3.0.2
395 silly packumentCache full:https://registry.npmjs.org/braces cache-miss
396 silly fetch manifest is-glob@~4.0.1
397 silly packumentCache full:https://registry.npmjs.org/is-glob cache-miss
398 silly fetch manifest anymatch@~3.1.2
399 silly packumentCache full:https://registry.npmjs.org/anymatch cache-miss
400 silly fetch manifest readdirp@~3.6.0
401 silly packumentCache full:https://registry.npmjs.org/readdirp cache-miss
402 silly fetch manifest glob-parent@~5.1.2
403 silly packumentCache full:https://registry.npmjs.org/glob-parent cache-miss
404 silly fetch manifest is-binary-path@~2.1.0
405 silly packumentCache full:https://registry.npmjs.org/is-binary-path cache-miss
406 silly fetch manifest normalize-path@~3.0.0
407 silly packumentCache full:https://registry.npmjs.org/normalize-path cache-miss
408 http fetch GET 200 https://registry.npmjs.org/braces 418ms (cache revalidated)
409 silly packumentCache full:https://registry.npmjs.org/braces set size:114529 disposed:false
410 silly fetch manifest fsevents@~2.3.2
411 silly packumentCache full:https://registry.npmjs.org/fsevents cache-miss
412 http fetch GET 200 https://registry.npmjs.org/readdirp 447ms (cache revalidated)
413 silly packumentCache full:https://registry.npmjs.org/readdirp set size:107589 disposed:false
414 silly fetch manifest has-flag@^3.0.0
415 silly packumentCache full:https://registry.npmjs.org/has-flag cache-miss
416 http fetch GET 200 https://registry.npmjs.org/is-binary-path 487ms (cache revalidated)
417 silly packumentCache full:https://registry.npmjs.org/is-binary-path set size:13475 disposed:false
418 http fetch GET 200 https://registry.npmjs.org/is-glob 515ms (cache revalidated)
419 silly packumentCache full:https://registry.npmjs.org/is-glob set size:40530 disposed:false
420 http fetch GET 200 https://registry.npmjs.org/normalize-path 517ms (cache revalidated)
421 silly packumentCache full:https://registry.npmjs.org/normalize-path set size:28713 disposed:false
422 http fetch GET 200 https://registry.npmjs.org/glob-parent 538ms (cache revalidated)
423 silly packumentCache full:https://registry.npmjs.org/glob-parent set size:42445 disposed:false
424 http fetch GET 200 https://registry.npmjs.org/anymatch 565ms (cache revalidated)
425 silly packumentCache full:https://registry.npmjs.org/anymatch set size:42974 disposed:false
426 http fetch GET 200 https://registry.npmjs.org/fsevents 482ms (cache revalidated)
427 silly packumentCache full:https://registry.npmjs.org/fsevents set size:182472 disposed:false
428 http fetch GET 200 https://registry.npmjs.org/has-flag 485ms (cache revalidated)
429 silly packumentCache full:https://registry.npmjs.org/has-flag set size:15180 disposed:false
430 silly placeDep ROOT anymatch@3.1.3 OK for: chokidar@3.6.0 want: ~3.1.2
431 silly placeDep ROOT braces@3.0.3 OK for: chokidar@3.6.0 want: ~3.0.2
432 silly placeDep ROOT fsevents@2.3.3 OK for: chokidar@3.6.0 want: ~2.3.2
433 silly placeDep ROOT glob-parent@5.1.2 OK for: chokidar@3.6.0 want: ~5.1.2
434 silly placeDep ROOT is-binary-path@2.1.0 OK for: chokidar@3.6.0 want: ~2.1.0
435 silly placeDep ROOT is-glob@4.0.3 OK for: chokidar@3.6.0 want: ~4.0.1
436 silly placeDep ROOT normalize-path@3.0.0 OK for: chokidar@3.6.0 want: ~3.0.0
437 silly placeDep ROOT readdirp@3.6.0 OK for: chokidar@3.6.0 want: ~3.6.0
438 silly fetch manifest picomatch@^2.0.4
439 silly packumentCache full:https://registry.npmjs.org/picomatch cache-miss
440 silly fetch manifest normalize-path@^3.0.0
441 silly packumentCache full:https://registry.npmjs.org/normalize-path cache-hit
442 silly fetch manifest fill-range@^7.1.1
443 silly packumentCache full:https://registry.npmjs.org/fill-range cache-miss
444 silly fetch manifest is-glob@^4.0.1
445 silly packumentCache full:https://registry.npmjs.org/is-glob cache-hit
446 silly fetch manifest binary-extensions@^2.0.0
447 silly packumentCache full:https://registry.npmjs.org/binary-extensions cache-miss
448 silly fetch manifest is-extglob@^2.1.1
449 silly packumentCache full:https://registry.npmjs.org/is-extglob cache-miss
450 silly fetch manifest picomatch@^2.2.1
451 silly packumentCache full:https://registry.npmjs.org/picomatch cache-miss
452 http fetch GET 200 https://registry.npmjs.org/binary-extensions 415ms (cache revalidated)
453 silly packumentCache full:https://registry.npmjs.org/binary-extensions set size:51551 disposed:false
454 http fetch GET 200 https://registry.npmjs.org/is-extglob 456ms (cache revalidated)
455 silly packumentCache full:https://registry.npmjs.org/is-extglob set size:11766 disposed:false
456 http fetch GET 200 https://registry.npmjs.org/fill-range 480ms (cache revalidated)
457 silly packumentCache full:https://registry.npmjs.org/fill-range set size:90212 disposed:false
458 http fetch GET 200 https://registry.npmjs.org/picomatch 482ms (cache revalidated)
459 silly packumentCache full:https://registry.npmjs.org/picomatch set size:126376 disposed:false
460 http fetch GET 200 https://registry.npmjs.org/picomatch 522ms (cache revalidated)
461 silly packumentCache full:https://registry.npmjs.org/picomatch set size:126376 disposed:false
462 silly packumentCache full:https://registry.npmjs.org/picomatch dispose
463 silly placeDep ROOT picomatch@2.3.2 OK for: anymatch@3.1.3 want: ^2.0.4
464 silly placeDep ROOT fill-range@7.1.1 OK for: braces@3.0.3 want: ^7.1.1
465 silly fetch manifest to-regex-range@^5.0.1
466 silly packumentCache full:https://registry.npmjs.org/to-regex-range cache-miss
467 http fetch GET 200 https://registry.npmjs.org/to-regex-range 402ms (cache revalidated)
468 silly packumentCache full:https://registry.npmjs.org/to-regex-range set size:61569 disposed:false
469 silly placeDep ROOT to-regex-range@5.0.1 OK for: fill-range@7.1.1 want: ^5.0.1
470 silly fetch manifest is-number@^7.0.0
471 silly packumentCache full:https://registry.npmjs.org/is-number cache-miss
472 http fetch GET 200 https://registry.npmjs.org/is-number 401ms (cache revalidated)
473 silly packumentCache full:https://registry.npmjs.org/is-number set size:36183 disposed:false
474 silly placeDep ROOT binary-extensions@2.3.0 OK for: is-binary-path@2.1.0 want: ^2.0.0
475 silly placeDep ROOT is-extglob@2.1.1 OK for: is-glob@4.0.3 want: ^2.1.1
476 silly placeDep ROOT ee-first@1.1.1 OK for: on-finished@2.4.1 want: 1.1.1
477 silly placeDep ROOT wrappy@1.0.2 OK for: once@1.4.0 want: 1
478 silly placeDep ROOT lru-cache@11.3.6 OK for: path-scurry@2.0.2 want: ^11.0.0
479 silly placeDep ROOT forwarded@0.2.0 OK for: proxy-addr@2.0.7 want: 0.2.0
480 silly placeDep ROOT ipaddr.js@1.9.1 OK for: proxy-addr@2.0.7 want: 1.9.1
481 silly placeDep ROOT side-channel@1.1.0 OK for: qs@6.15.1 want: ^1.1.0
482 silly fetch manifest es-errors@^1.3.0
483 silly packumentCache full:https://registry.npmjs.org/es-errors cache-miss
484 silly fetch manifest object-inspect@^1.13.3
485 silly packumentCache full:https://registry.npmjs.org/object-inspect cache-miss
486 silly fetch manifest side-channel-list@^1.0.0
487 silly packumentCache full:https://registry.npmjs.org/side-channel-list cache-miss
488 silly fetch manifest side-channel-map@^1.0.1
489 silly packumentCache full:https://registry.npmjs.org/side-channel-map cache-miss
490 silly fetch manifest side-channel-weakmap@^1.0.2
491 silly packumentCache full:https://registry.npmjs.org/side-channel-weakmap cache-miss
492 http fetch GET 200 https://registry.npmjs.org/side-channel-list 419ms (cache revalidated)
493 silly packumentCache full:https://registry.npmjs.org/side-channel-list set size:9021 disposed:false
494 http fetch GET 200 https://registry.npmjs.org/object-inspect 442ms (cache revalidated)
495 silly packumentCache full:https://registry.npmjs.org/object-inspect set size:101912 disposed:false
496 http fetch GET 200 https://registry.npmjs.org/side-channel-map 454ms (cache revalidated)
497 silly packumentCache full:https://registry.npmjs.org/side-channel-map set size:9126 disposed:false
498 http fetch GET 200 https://registry.npmjs.org/es-errors 484ms (cache revalidated)
499 silly packumentCache full:https://registry.npmjs.org/es-errors set size:16918 disposed:false
500 http fetch GET 200 https://registry.npmjs.org/side-channel-weakmap 473ms (cache revalidated)
501 silly packumentCache full:https://registry.npmjs.org/side-channel-weakmap set size:12620 disposed:false
502 silly placeDep ROOT unpipe@1.0.0 OK for: raw-body@3.0.2 want: ~1.0.0
503 silly placeDep ROOT is-promise@4.0.0 OK for: router@2.2.0 want: ^4.0.0
504 silly placeDep ROOT path-to-regexp@8.4.2 OK for: router@2.2.0 want: ^8.0.0
505 silly placeDep ROOT es-errors@1.3.0 OK for: side-channel@1.1.0 want: ^1.3.0
506 silly placeDep ROOT object-inspect@1.13.4 OK for: side-channel@1.1.0 want: ^1.13.3
507 silly placeDep ROOT side-channel-list@1.0.1 OK for: side-channel@1.1.0 want: ^1.0.0
508 silly placeDep ROOT side-channel-map@1.0.1 OK for: side-channel@1.1.0 want: ^1.0.1
509 silly placeDep ROOT side-channel-weakmap@1.0.2 OK for: side-channel@1.1.0 want: ^1.0.2
510 silly fetch manifest call-bound@^1.0.2
511 silly packumentCache full:https://registry.npmjs.org/call-bound cache-miss
512 silly fetch manifest get-intrinsic@^1.2.5
513 silly packumentCache full:https://registry.npmjs.org/get-intrinsic cache-miss
514 silly fetch manifest call-bound@^1.0.2
515 silly packumentCache full:https://registry.npmjs.org/call-bound cache-miss
516 silly fetch manifest get-intrinsic@^1.2.5
517 silly packumentCache full:https://registry.npmjs.org/get-intrinsic cache-miss
518 http fetch GET 200 https://registry.npmjs.org/get-intrinsic 457ms (cache revalidated)
519 silly packumentCache full:https://registry.npmjs.org/get-intrinsic set size:60985 disposed:false
520 http fetch GET 200 https://registry.npmjs.org/call-bound 483ms (cache revalidated)
521 silly packumentCache full:https://registry.npmjs.org/call-bound set size:15317 disposed:false
522 http fetch GET 200 https://registry.npmjs.org/get-intrinsic 474ms (cache revalidated)
523 silly packumentCache full:https://registry.npmjs.org/get-intrinsic set size:60985 disposed:false
524 silly packumentCache full:https://registry.npmjs.org/get-intrinsic dispose
525 http fetch GET 200 https://registry.npmjs.org/call-bound 495ms (cache revalidated)
526 silly packumentCache full:https://registry.npmjs.org/call-bound set size:15317 disposed:false
527 silly packumentCache full:https://registry.npmjs.org/call-bound dispose
528 silly placeDep ROOT call-bound@1.0.4 OK for: side-channel-map@1.0.1 want: ^1.0.2
529 silly placeDep ROOT get-intrinsic@1.3.0 OK for: side-channel-map@1.0.1 want: ^1.2.5
530 silly fetch manifest call-bind-apply-helpers@^1.0.2
531 silly packumentCache full:https://registry.npmjs.org/call-bind-apply-helpers cache-miss
532 silly fetch manifest get-intrinsic@^1.3.0
533 silly packumentCache full:https://registry.npmjs.org/get-intrinsic cache-hit
534 silly fetch manifest gopd@^1.2.0
535 silly packumentCache full:https://registry.npmjs.org/gopd cache-miss
536 silly fetch manifest hasown@^2.0.2
537 silly packumentCache full:https://registry.npmjs.org/hasown cache-miss
538 silly fetch manifest get-proto@^1.0.1
539 silly packumentCache full:https://registry.npmjs.org/get-proto cache-miss
540 silly fetch manifest has-symbols@^1.1.0
541 silly packumentCache full:https://registry.npmjs.org/has-symbols cache-miss
542 silly fetch manifest function-bind@^1.1.2
543 silly packumentCache full:https://registry.npmjs.org/function-bind cache-miss
544 silly fetch manifest es-object-atoms@^1.1.1
545 silly packumentCache full:https://registry.npmjs.org/es-object-atoms cache-miss
546 http fetch GET 200 https://registry.npmjs.org/get-proto 469ms (cache revalidated)
547 silly packumentCache full:https://registry.npmjs.org/get-proto set size:8300 disposed:false
548 silly fetch manifest math-intrinsics@^1.1.0
549 silly packumentCache full:https://registry.npmjs.org/math-intrinsics cache-miss
550 http fetch GET 200 https://registry.npmjs.org/gopd 541ms (cache revalidated)
551 silly packumentCache full:https://registry.npmjs.org/gopd set size:11458 disposed:false
552 silly fetch manifest es-define-property@^1.0.1
553 silly packumentCache full:https://registry.npmjs.org/es-define-property cache-miss
554 http fetch GET 200 https://registry.npmjs.org/has-symbols 545ms (cache revalidated)
555 silly packumentCache full:https://registry.npmjs.org/has-symbols set size:21550 disposed:false
556 silly fetch manifest call-bind-apply-helpers@^1.0.2
557 silly packumentCache full:https://registry.npmjs.org/call-bind-apply-helpers cache-miss
558 http fetch GET 200 https://registry.npmjs.org/hasown 588ms (cache revalidated)
559 silly packumentCache full:https://registry.npmjs.org/hasown set size:15429 disposed:false
560 http fetch GET 200 https://registry.npmjs.org/function-bind 571ms (cache revalidated)
561 silly packumentCache full:https://registry.npmjs.org/function-bind set size:15733 disposed:false
562 http fetch GET 200 https://registry.npmjs.org/call-bind-apply-helpers 659ms (cache revalidated)
563 silly packumentCache full:https://registry.npmjs.org/call-bind-apply-helpers set size:12744 disposed:false
564 http fetch GET 200 https://registry.npmjs.org/es-object-atoms 578ms (cache revalidated)
565 silly packumentCache full:https://registry.npmjs.org/es-object-atoms set size:15304 disposed:false
566 http cache https://registry.npmjs.org/call-bind-apply-helpers 92ms (cache hit)
567 silly packumentCache full:https://registry.npmjs.org/call-bind-apply-helpers set size:12744 disposed:false
568 silly packumentCache full:https://registry.npmjs.org/call-bind-apply-helpers dispose
569 http fetch GET 200 https://registry.npmjs.org/es-define-property 469ms (cache revalidated)
570 silly packumentCache full:https://registry.npmjs.org/es-define-property set size:8542 disposed:false
571 http fetch GET 200 https://registry.npmjs.org/math-intrinsics 512ms (cache revalidated)
572 silly packumentCache full:https://registry.npmjs.org/math-intrinsics set size:9265 disposed:false
573 silly placeDep ROOT call-bind-apply-helpers@1.0.2 OK for: call-bound@1.0.4 want: ^1.0.2
574 silly placeDep ROOT function-bind@1.1.2 OK for: call-bind-apply-helpers@1.0.2 want: ^1.1.2
575 silly placeDep ROOT es-define-property@1.0.1 OK for: get-intrinsic@1.3.0 want: ^1.0.1
576 silly placeDep ROOT es-object-atoms@1.1.1 OK for: get-intrinsic@1.3.0 want: ^1.1.1
577 silly placeDep ROOT get-proto@1.0.1 OK for: get-intrinsic@1.3.0 want: ^1.0.1
578 silly placeDep ROOT gopd@1.2.0 OK for: get-intrinsic@1.3.0 want: ^1.2.0
579 silly placeDep ROOT has-symbols@1.1.0 OK for: get-intrinsic@1.3.0 want: ^1.1.0
580 silly placeDep ROOT hasown@2.0.3 OK for: get-intrinsic@1.3.0 want: ^2.0.2
581 silly placeDep ROOT math-intrinsics@1.1.0 OK for: get-intrinsic@1.3.0 want: ^1.1.0
582 silly fetch manifest dunder-proto@^1.0.1
583 silly packumentCache full:https://registry.npmjs.org/dunder-proto cache-miss
584 http fetch GET 200 https://registry.npmjs.org/dunder-proto 379ms (cache revalidated)
585 silly packumentCache full:https://registry.npmjs.org/dunder-proto set size:8256 disposed:false
586 silly placeDep ROOT dunder-proto@1.0.1 OK for: get-proto@1.0.1 want: ^1.0.1
587 silly placeDep ROOT has-flag@3.0.0 OK for: supports-color@5.5.0 want: ^3.0.0
588 silly placeDep ROOT is-number@7.0.0 OK for: to-regex-range@5.0.1 want: ^7.0.0
589 silly placeDep ROOT media-typer@1.1.0 OK for: type-is@2.0.1 want: ^1.1.0
590 silly reify moves {}
591 silly audit bulk request {
591 silly audit   cors: [ '2.8.6' ],
591 silly audit   express: [ '5.2.1' ],
591 silly audit   'express-handlebars': [ '9.0.1' ],
591 silly audit   handlebars: [ '4.7.9' ],
591 silly audit   nodemon: [ '3.1.14' ],
591 silly audit   'object-assign': [ '4.1.1' ],
591 silly audit   vary: [ '1.1.2' ],
591 silly audit   accepts: [ '2.0.0' ],
591 silly audit   'body-parser': [ '2.2.2' ],
591 silly audit   'content-disposition': [ '1.1.0' ],
591 silly audit   'content-type': [ '1.0.5' ],
591 silly audit   cookie: [ '0.7.2' ],
591 silly audit   'cookie-signature': [ '1.2.2' ],
591 silly audit   debug: [ '4.4.3' ],
591 silly audit   depd: [ '2.0.0' ],
591 silly audit   encodeurl: [ '2.0.0' ],
591 silly audit   'escape-html': [ '1.0.3' ],
591 silly audit   etag: [ '1.8.1' ],
591 silly audit   finalhandler: [ '2.1.1' ],
591 silly audit   fresh: [ '2.0.0' ],
591 silly audit   'http-errors': [ '2.0.1' ],
591 silly audit   'merge-descriptors': [ '2.0.0' ],
591 silly audit   'mime-types': [ '3.0.2' ],
591 silly audit   'on-finished': [ '2.4.1' ],
591 silly audit   once: [ '1.4.0' ],
591 silly audit   parseurl: [ '1.3.3' ],
591 silly audit   'proxy-addr': [ '2.0.7' ],
591 silly audit   qs: [ '6.15.1' ],
591 silly audit   'range-parser': [ '1.2.1' ],
591 silly audit   router: [ '2.2.0' ],
591 silly audit   send: [ '1.2.1' ],
591 silly audit   'serve-static': [ '2.2.1' ],
591 silly audit   statuses: [ '2.0.2' ],
591 silly audit   'type-is': [ '2.0.1' ],
591 silly audit   negotiator: [ '1.0.0' ],
591 silly audit   bytes: [ '3.1.2' ],
591 silly audit   'iconv-lite': [ '0.7.2' ],
591 silly audit   'raw-body': [ '3.0.2' ],
591 silly audit   ms: [ '2.1.3' ],
591 silly audit   glob: [ '13.0.6' ],
591 silly audit   'graceful-fs': [ '4.2.11' ],
591 silly audit   minimatch: [ '10.2.5' ],
591 silly audit   minipass: [ '7.1.3' ],
591 silly audit   'path-scurry': [ '2.0.2' ],
591 silly audit   minimist: [ '1.2.8' ],
591 silly audit   'neo-async': [ '2.6.2' ],
591 silly audit   'source-map': [ '0.6.1' ],
591 silly audit   'uglify-js': [ '3.19.3' ],
591 silly audit   wordwrap: [ '1.0.0' ],
591 silly audit   inherits: [ '2.0.4' ],
591 silly audit   setprototypeof: [ '1.2.0' ],
591 silly audit   toidentifier: [ '1.0.1' ],
591 silly audit   'safer-buffer': [ '2.1.2' ],
591 silly audit   'mime-db': [ '1.54.0' ],
591 silly audit   'brace-expansion': [ '5.0.6' ],
591 silly audit   'balanced-match': [ '4.0.4' ],
591 silly audit   chokidar: [ '3.6.0' ],
591 silly audit   'ignore-by-default': [ '1.0.1' ],
591 silly audit   'pstree.remy': [ '1.1.8' ],
591 silly audit   semver: [ '7.8.0' ],
591 silly audit   'simple-update-notifier': [ '2.0.0' ],
591 silly audit   'supports-color': [ '5.5.0' ],
591 silly audit   touch: [ '3.1.1' ],
591 silly audit   undefsafe: [ '2.0.5' ],
591 silly audit   anymatch: [ '3.1.3' ],
591 silly audit   braces: [ '3.0.3' ],
591 silly audit   fsevents: [ '2.3.3' ],
591 silly audit   'glob-parent': [ '5.1.2' ],
591 silly audit   'is-binary-path': [ '2.1.0' ],
591 silly audit   'is-glob': [ '4.0.3' ],
591 silly audit   'normalize-path': [ '3.0.0' ],
591 silly audit   readdirp: [ '3.6.0' ],
591 silly audit   picomatch: [ '2.3.2' ],
591 silly audit   'fill-range': [ '7.1.1' ],
591 silly audit   'to-regex-range': [ '5.0.1' ],
591 silly audit   'binary-extensions': [ '2.3.0' ],
591 silly audit   'is-extglob': [ '2.1.1' ],
591 silly audit   'ee-first': [ '1.1.1' ],
591 silly audit   wrappy: [ '1.0.2' ],
591 silly audit   'lru-cache': [ '11.3.6' ],
591 silly audit   forwarded: [ '0.2.0' ],
591 silly audit   'ipaddr.js': [ '1.9.1' ],
591 silly audit   'side-channel': [ '1.1.0' ],
591 silly audit   unpipe: [ '1.0.0' ],
591 silly audit   'is-promise': [ '4.0.0' ],
591 silly audit   'path-to-regexp': [ '8.4.2' ],
591 silly audit   'es-errors': [ '1.3.0' ],
591 silly audit   'object-inspect': [ '1.13.4' ],
591 silly audit   'side-channel-list': [ '1.0.1' ],
591 silly audit   'side-channel-map': [ '1.0.1' ],
591 silly audit   'side-channel-weakmap': [ '1.0.2' ],
591 silly audit   'call-bound': [ '1.0.4' ],
591 silly audit   'get-intrinsic': [ '1.3.0' ],
591 silly audit   'call-bind-apply-helpers': [ '1.0.2' ],
591 silly audit   'function-bind': [ '1.1.2' ],
591 silly audit   'es-define-property': [ '1.0.1' ],
591 silly audit   'es-object-atoms': [ '1.1.1' ],
591 silly audit   'get-proto': [ '1.0.1' ],
591 silly audit   gopd: [ '1.2.0' ],
591 silly audit   'has-symbols': [ '1.1.0' ],
591 silly audit   hasown: [ '2.0.3' ],
591 silly audit   'math-intrinsics': [ '1.1.0' ],
591 silly audit   'dunder-proto': [ '1.0.1' ],
591 silly audit   'has-flag': [ '3.0.0' ],
591 silly audit   'is-number': [ '7.0.0' ],
591 silly audit   'media-typer': [ '1.1.0' ]
591 silly audit }
592 http cache media-typer@https://registry.npmjs.org/media-typer/-/media-typer-1.1.0.tgz 0ms (cache hit)
593 http cache is-number@https://registry.npmjs.org/is-number/-/is-number-7.0.0.tgz 0ms (cache hit)
594 http cache has-flag@https://registry.npmjs.org/has-flag/-/has-flag-3.0.0.tgz 1ms (cache hit)
595 http cache dunder-proto@https://registry.npmjs.org/dunder-proto/-/dunder-proto-1.0.1.tgz 0ms (cache hit)
596 http cache math-intrinsics@https://registry.npmjs.org/math-intrinsics/-/math-intrinsics-1.1.0.tgz 0ms (cache hit)
597 http cache hasown@https://registry.npmjs.org/hasown/-/hasown-2.0.3.tgz 0ms (cache hit)
598 http cache has-symbols@https://registry.npmjs.org/has-symbols/-/has-symbols-1.1.0.tgz 0ms (cache hit)
599 http cache gopd@https://registry.npmjs.org/gopd/-/gopd-1.2.0.tgz 0ms (cache hit)
600 http cache get-proto@https://registry.npmjs.org/get-proto/-/get-proto-1.0.1.tgz 0ms (cache hit)
601 http cache es-object-atoms@https://registry.npmjs.org/es-object-atoms/-/es-object-atoms-1.1.1.tgz 0ms (cache hit)
602 http cache es-define-property@https://registry.npmjs.org/es-define-property/-/es-define-property-1.0.1.tgz 0ms (cache hit)
603 http cache function-bind@https://registry.npmjs.org/function-bind/-/function-bind-1.1.2.tgz 0ms (cache hit)
604 http cache call-bind-apply-helpers@https://registry.npmjs.org/call-bind-apply-helpers/-/call-bind-apply-helpers-1.0.2.tgz 1ms (cache hit)
605 http cache get-intrinsic@https://registry.npmjs.org/get-intrinsic/-/get-intrinsic-1.3.0.tgz 0ms (cache hit)
606 http cache call-bound@https://registry.npmjs.org/call-bound/-/call-bound-1.0.4.tgz 0ms (cache hit)
607 http cache side-channel-weakmap@https://registry.npmjs.org/side-channel-weakmap/-/side-channel-weakmap-1.0.2.tgz 0ms (cache hit)
608 http cache side-channel-map@https://registry.npmjs.org/side-channel-map/-/side-channel-map-1.0.1.tgz 0ms (cache hit)
609 http cache side-channel-list@https://registry.npmjs.org/side-channel-list/-/side-channel-list-1.0.1.tgz 0ms (cache hit)
610 http cache object-inspect@https://registry.npmjs.org/object-inspect/-/object-inspect-1.13.4.tgz 0ms (cache hit)
611 http cache es-errors@https://registry.npmjs.org/es-errors/-/es-errors-1.3.0.tgz 0ms (cache hit)
612 http cache path-to-regexp@https://registry.npmjs.org/path-to-regexp/-/path-to-regexp-8.4.2.tgz 0ms (cache hit)
613 http cache is-promise@https://registry.npmjs.org/is-promise/-/is-promise-4.0.0.tgz 0ms (cache hit)
614 http cache unpipe@https://registry.npmjs.org/unpipe/-/unpipe-1.0.0.tgz 0ms (cache hit)
615 http cache side-channel@https://registry.npmjs.org/side-channel/-/side-channel-1.1.0.tgz 0ms (cache hit)
616 http cache ipaddr.js@https://registry.npmjs.org/ipaddr.js/-/ipaddr.js-1.9.1.tgz 0ms (cache hit)
617 http cache forwarded@https://registry.npmjs.org/forwarded/-/forwarded-0.2.0.tgz 0ms (cache hit)
618 http cache lru-cache@https://registry.npmjs.org/lru-cache/-/lru-cache-11.3.6.tgz 0ms (cache hit)
619 http cache wrappy@https://registry.npmjs.org/wrappy/-/wrappy-1.0.2.tgz 0ms (cache hit)
620 http cache ee-first@https://registry.npmjs.org/ee-first/-/ee-first-1.1.1.tgz 0ms (cache hit)
621 http cache is-extglob@https://registry.npmjs.org/is-extglob/-/is-extglob-2.1.1.tgz 0ms (cache hit)
622 http cache binary-extensions@https://registry.npmjs.org/binary-extensions/-/binary-extensions-2.3.0.tgz 0ms (cache hit)
623 http cache to-regex-range@https://registry.npmjs.org/to-regex-range/-/to-regex-range-5.0.1.tgz 0ms (cache hit)
624 http cache fill-range@https://registry.npmjs.org/fill-range/-/fill-range-7.1.1.tgz 0ms (cache hit)
625 http cache picomatch@https://registry.npmjs.org/picomatch/-/picomatch-2.3.2.tgz 0ms (cache hit)
626 http cache readdirp@https://registry.npmjs.org/readdirp/-/readdirp-3.6.0.tgz 0ms (cache hit)
627 http cache is-glob@https://registry.npmjs.org/is-glob/-/is-glob-4.0.3.tgz 0ms (cache hit)
628 http cache normalize-path@https://registry.npmjs.org/normalize-path/-/normalize-path-3.0.0.tgz 0ms (cache hit)
629 http cache is-binary-path@https://registry.npmjs.org/is-binary-path/-/is-binary-path-2.1.0.tgz 0ms (cache hit)
630 http cache glob-parent@https://registry.npmjs.org/glob-parent/-/glob-parent-5.1.2.tgz 0ms (cache hit)
631 http cache braces@https://registry.npmjs.org/braces/-/braces-3.0.3.tgz 0ms (cache hit)
632 http cache anymatch@https://registry.npmjs.org/anymatch/-/anymatch-3.1.3.tgz 0ms (cache hit)
633 http cache undefsafe@https://registry.npmjs.org/undefsafe/-/undefsafe-2.0.5.tgz 0ms (cache hit)
634 http cache touch@https://registry.npmjs.org/touch/-/touch-3.1.1.tgz 0ms (cache hit)
635 http cache supports-color@https://registry.npmjs.org/supports-color/-/supports-color-5.5.0.tgz 0ms (cache hit)
636 http cache semver@https://registry.npmjs.org/semver/-/semver-7.8.0.tgz 1ms (cache hit)
637 http cache simple-update-notifier@https://registry.npmjs.org/simple-update-notifier/-/simple-update-notifier-2.0.0.tgz 0ms (cache hit)
638 http cache pstree.remy@https://registry.npmjs.org/pstree.remy/-/pstree.remy-1.1.8.tgz 0ms (cache hit)
639 http cache ignore-by-default@https://registry.npmjs.org/ignore-by-default/-/ignore-by-default-1.0.1.tgz 0ms (cache hit)
640 http cache chokidar@https://registry.npmjs.org/chokidar/-/chokidar-3.6.0.tgz 1ms (cache hit)
641 http cache balanced-match@https://registry.npmjs.org/balanced-match/-/balanced-match-4.0.4.tgz 0ms (cache hit)
642 http cache brace-expansion@https://registry.npmjs.org/brace-expansion/-/brace-expansion-5.0.6.tgz 0ms (cache hit)
643 http cache mime-db@https://registry.npmjs.org/mime-db/-/mime-db-1.54.0.tgz 0ms (cache hit)
644 http cache safer-buffer@https://registry.npmjs.org/safer-buffer/-/safer-buffer-2.1.2.tgz 1ms (cache hit)
645 http cache toidentifier@https://registry.npmjs.org/toidentifier/-/toidentifier-1.0.1.tgz 0ms (cache hit)
646 http cache setprototypeof@https://registry.npmjs.org/setprototypeof/-/setprototypeof-1.2.0.tgz 0ms (cache hit)
647 http cache inherits@https://registry.npmjs.org/inherits/-/inherits-2.0.4.tgz 1ms (cache hit)
648 http cache wordwrap@https://registry.npmjs.org/wordwrap/-/wordwrap-1.0.0.tgz 1ms (cache hit)
649 http cache uglify-js@https://registry.npmjs.org/uglify-js/-/uglify-js-3.19.3.tgz 1ms (cache hit)
650 http cache source-map@https://registry.npmjs.org/source-map/-/source-map-0.6.1.tgz 0ms (cache hit)
651 http cache neo-async@https://registry.npmjs.org/neo-async/-/neo-async-2.6.2.tgz 0ms (cache hit)
652 http cache minimist@https://registry.npmjs.org/minimist/-/minimist-1.2.8.tgz 1ms (cache hit)
653 http cache path-scurry@https://registry.npmjs.org/path-scurry/-/path-scurry-2.0.2.tgz 0ms (cache hit)
654 http cache minipass@https://registry.npmjs.org/minipass/-/minipass-7.1.3.tgz 0ms (cache hit)
655 http cache graceful-fs@https://registry.npmjs.org/graceful-fs/-/graceful-fs-4.2.11.tgz 0ms (cache hit)
656 http cache minimatch@https://registry.npmjs.org/minimatch/-/minimatch-10.2.5.tgz 0ms (cache hit)
657 http cache glob@https://registry.npmjs.org/glob/-/glob-13.0.6.tgz 0ms (cache hit)
658 http cache ms@https://registry.npmjs.org/ms/-/ms-2.1.3.tgz 0ms (cache hit)
659 http cache raw-body@https://registry.npmjs.org/raw-body/-/raw-body-3.0.2.tgz 0ms (cache hit)
660 http cache iconv-lite@https://registry.npmjs.org/iconv-lite/-/iconv-lite-0.7.2.tgz 0ms (cache hit)
661 http cache bytes@https://registry.npmjs.org/bytes/-/bytes-3.1.2.tgz 0ms (cache hit)
662 http cache negotiator@https://registry.npmjs.org/negotiator/-/negotiator-1.0.0.tgz 0ms (cache hit)
663 http cache type-is@https://registry.npmjs.org/type-is/-/type-is-2.0.1.tgz 0ms (cache hit)
664 http cache statuses@https://registry.npmjs.org/statuses/-/statuses-2.0.2.tgz 1ms (cache hit)
665 http cache serve-static@https://registry.npmjs.org/serve-static/-/serve-static-2.2.1.tgz 0ms (cache hit)
666 http cache send@https://registry.npmjs.org/send/-/send-1.2.1.tgz 0ms (cache hit)
667 http cache router@https://registry.npmjs.org/router/-/router-2.2.0.tgz 0ms (cache hit)
668 http cache range-parser@https://registry.npmjs.org/range-parser/-/range-parser-1.2.1.tgz 0ms (cache hit)
669 http cache qs@https://registry.npmjs.org/qs/-/qs-6.15.1.tgz 0ms (cache hit)
670 http cache proxy-addr@https://registry.npmjs.org/proxy-addr/-/proxy-addr-2.0.7.tgz 0ms (cache hit)
671 http cache parseurl@https://registry.npmjs.org/parseurl/-/parseurl-1.3.3.tgz 1ms (cache hit)
672 http cache once@https://registry.npmjs.org/once/-/once-1.4.0.tgz 0ms (cache hit)
673 http cache on-finished@https://registry.npmjs.org/on-finished/-/on-finished-2.4.1.tgz 0ms (cache hit)
674 http cache mime-types@https://registry.npmjs.org/mime-types/-/mime-types-3.0.2.tgz 1ms (cache hit)
675 http cache merge-descriptors@https://registry.npmjs.org/merge-descriptors/-/merge-descriptors-2.0.0.tgz 0ms (cache hit)
676 http cache fresh@https://registry.npmjs.org/fresh/-/fresh-2.0.0.tgz 0ms (cache hit)
677 http cache http-errors@https://registry.npmjs.org/http-errors/-/http-errors-2.0.1.tgz 0ms (cache hit)
678 http cache finalhandler@https://registry.npmjs.org/finalhandler/-/finalhandler-2.1.1.tgz 0ms (cache hit)
679 http cache etag@https://registry.npmjs.org/etag/-/etag-1.8.1.tgz 0ms (cache hit)
680 http cache escape-html@https://registry.npmjs.org/escape-html/-/escape-html-1.0.3.tgz 1ms (cache hit)
681 http cache encodeurl@https://registry.npmjs.org/encodeurl/-/encodeurl-2.0.0.tgz 0ms (cache hit)
682 http cache depd@https://registry.npmjs.org/depd/-/depd-2.0.0.tgz 0ms (cache hit)
683 http cache debug@https://registry.npmjs.org/debug/-/debug-4.4.3.tgz 0ms (cache hit)
684 http cache cookie-signature@https://registry.npmjs.org/cookie-signature/-/cookie-signature-1.2.2.tgz 0ms (cache hit)
685 http cache cookie@https://registry.npmjs.org/cookie/-/cookie-0.7.2.tgz 0ms (cache hit)
686 http cache content-type@https://registry.npmjs.org/content-type/-/content-type-1.0.5.tgz 0ms (cache hit)
687 http cache content-disposition@https://registry.npmjs.org/content-disposition/-/content-disposition-1.1.0.tgz 0ms (cache hit)
688 http cache body-parser@https://registry.npmjs.org/body-parser/-/body-parser-2.2.2.tgz 1ms (cache hit)
689 http cache accepts@https://registry.npmjs.org/accepts/-/accepts-2.0.0.tgz 0ms (cache hit)
690 http cache object-assign@https://registry.npmjs.org/object-assign/-/object-assign-4.1.1.tgz 0ms (cache hit)
691 http cache vary@https://registry.npmjs.org/vary/-/vary-1.1.2.tgz 0ms (cache hit)
692 http cache handlebars@https://registry.npmjs.org/handlebars/-/handlebars-4.7.9.tgz 0ms (cache hit)
693 http cache express-handlebars@https://registry.npmjs.org/express-handlebars/-/express-handlebars-9.0.1.tgz 0ms (cache hit)
694 http cache express@https://registry.npmjs.org/express/-/express-5.2.1.tgz 0ms (cache hit)
695 http cache cors@https://registry.npmjs.org/cors/-/cors-2.8.6.tgz 0ms (cache hit)
696 http cache nodemon@https://registry.npmjs.org/nodemon/-/nodemon-3.1.14.tgz 1ms (cache hit)
697 http fetch POST 200 https://registry.npmjs.org/-/npm/v1/security/advisories/bulk 1752ms
698 silly audit report {}
699 silly ADD node_modules/media-typer
700 silly ADD node_modules/is-number
701 silly ADD node_modules/has-flag
702 silly ADD node_modules/dunder-proto
703 silly ADD node_modules/math-intrinsics
704 silly ADD node_modules/hasown
705 silly ADD node_modules/has-symbols
706 silly ADD node_modules/gopd
707 silly ADD node_modules/get-proto
708 silly ADD node_modules/es-object-atoms
709 silly ADD node_modules/es-define-property
710 silly ADD node_modules/function-bind
711 silly ADD node_modules/call-bind-apply-helpers
712 silly ADD node_modules/get-intrinsic
713 silly ADD node_modules/call-bound
714 silly ADD node_modules/side-channel-weakmap
715 silly ADD node_modules/side-channel-map
716 silly ADD node_modules/side-channel-list
717 silly ADD node_modules/object-inspect
718 silly ADD node_modules/es-errors
719 silly ADD node_modules/path-to-regexp
720 silly ADD node_modules/is-promise
721 silly ADD node_modules/unpipe
722 silly ADD node_modules/side-channel
723 silly ADD node_modules/ipaddr.js
724 silly ADD node_modules/forwarded
725 silly ADD node_modules/lru-cache
726 silly ADD node_modules/wrappy
727 silly ADD node_modules/ee-first
728 silly ADD node_modules/is-extglob
729 silly ADD node_modules/binary-extensions
730 silly ADD node_modules/to-regex-range
731 silly ADD node_modules/fill-range
732 silly ADD node_modules/picomatch
733 silly ADD node_modules/readdirp
734 silly ADD node_modules/normalize-path
735 silly ADD node_modules/is-glob
736 silly ADD node_modules/is-binary-path
737 silly ADD node_modules/glob-parent
738 silly ADD node_modules/braces
739 silly ADD node_modules/anymatch
740 silly ADD node_modules/undefsafe
741 silly ADD node_modules/touch
742 silly ADD node_modules/supports-color
743 silly ADD node_modules/simple-update-notifier
744 silly ADD node_modules/semver
745 silly ADD node_modules/pstree.remy
746 silly ADD node_modules/ignore-by-default
747 silly ADD node_modules/chokidar
748 silly ADD node_modules/balanced-match
749 silly ADD node_modules/brace-expansion
750 silly ADD node_modules/mime-db
751 silly ADD node_modules/safer-buffer
752 silly ADD node_modules/toidentifier
753 silly ADD node_modules/setprototypeof
754 silly ADD node_modules/inherits
755 silly ADD node_modules/wordwrap
756 silly ADD node_modules/uglify-js
757 silly ADD node_modules/source-map
758 silly ADD node_modules/neo-async
759 silly ADD node_modules/minimist
760 silly ADD node_modules/path-scurry
761 silly ADD node_modules/minipass
762 silly ADD node_modules/minimatch
763 silly ADD node_modules/graceful-fs
764 silly ADD node_modules/glob
765 silly ADD node_modules/ms
766 silly ADD node_modules/raw-body
767 silly ADD node_modules/iconv-lite
768 silly ADD node_modules/bytes
769 silly ADD node_modules/negotiator
770 silly ADD node_modules/type-is
771 silly ADD node_modules/statuses
772 silly ADD node_modules/serve-static
773 silly ADD node_modules/send
774 silly ADD node_modules/router
775 silly ADD node_modules/range-parser
776 silly ADD node_modules/qs
777 silly ADD node_modules/proxy-addr
778 silly ADD node_modules/parseurl
779 silly ADD node_modules/once
780 silly ADD node_modules/on-finished
781 silly ADD node_modules/mime-types
782 silly ADD node_modules/merge-descriptors
783 silly ADD node_modules/http-errors
784 silly ADD node_modules/fresh
785 silly ADD node_modules/finalhandler
786 silly ADD node_modules/etag
787 silly ADD node_modules/escape-html
788 silly ADD node_modules/encodeurl
789 silly ADD node_modules/depd
790 silly ADD node_modules/debug
791 silly ADD node_modules/cookie-signature
792 silly ADD node_modules/cookie
793 silly ADD node_modules/content-type
794 silly ADD node_modules/content-disposition
795 silly ADD node_modules/body-parser
796 silly ADD node_modules/accepts
797 silly ADD node_modules/vary
798 silly ADD node_modules/object-assign
799 silly ADD node_modules/nodemon
800 silly ADD node_modules/handlebars
801 silly ADD node_modules/express-handlebars
802 silly ADD node_modules/express
803 silly ADD node_modules/cors
804 verbose cwd /data/data/com.termux/files/home/home-nucleo
805 verbose os Linux 5.15.178-android13-8-g6e4a9375250c-dirty
806 verbose node v24.14.1
807 verbose npm  v11.13.0
808 verbose exit 0
809 info ok
