0 verbose cli /data/data/com.termux/files/usr/bin/node /data/data/com.termux/files/usr/bin/npm
1 info using npm@11.13.0
2 info using node@v24.14.1
3 silly config load:file:/data/data/com.termux/files/usr/lib/node_modules/npm/npmrc
4 silly config load:file:/data/data/com.termux/files/home/lemba-back/.npmrc
5 silly config load:file:/data/data/com.termux/files/home/.npmrc
6 silly config load:file:/data/data/com.termux/files/usr/etc/npmrc
7 verbose title npm install postgres
8 verbose argv "install" "postgres"
9 verbose logfile logs-max:10 dir:/data/data/com.termux/files/home/.npm/_logs/2026-05-12T01_29_50_069Z-
10 verbose logfile /data/data/com.termux/files/home/.npm/_logs/2026-05-12T01_29_50_069Z-debug-0.log
11 silly logfile start cleaning logs, removing 1 files
12 silly packumentCache heap:533987328 maxSize:133496832 maxEntrySize:66748416
13 silly logfile done cleaning log files
14 silly idealTree buildDeps
15 silly fetch manifest postgres@*
16 silly packumentCache full:https://registry.npmjs.org/postgres cache-miss
17 http fetch GET 200 https://registry.npmjs.org/postgres 1221ms (cache miss)
18 silly packumentCache full:https://registry.npmjs.org/postgres set size:undefined disposed:false
19 silly placeDep ROOT postgres@3.4.9 OK for: lemba-back@1.0.0 want: *
20 silly reify mark retired [ '/data/data/com.termux/files/home/lemba-back/node_modules/anymatch' ]
21 silly reify mark retired [
21 silly reify   '/data/data/com.termux/files/home/lemba-back/node_modules/balanced-match'
21 silly reify ]
22 silly reify mark retired [
22 silly reify   '/data/data/com.termux/files/home/lemba-back/node_modules/binary-extensions'
22 silly reify ]
23 silly reify mark retired [
23 silly reify   '/data/data/com.termux/files/home/lemba-back/node_modules/brace-expansion'
23 silly reify ]
24 silly reify mark retired [ '/data/data/com.termux/files/home/lemba-back/node_modules/braces' ]
25 silly reify mark retired [ '/data/data/com.termux/files/home/lemba-back/node_modules/chokidar' ]
26 silly reify mark retired [ '/data/data/com.termux/files/home/lemba-back/node_modules/dotenv' ]
27 silly reify mark retired [
27 silly reify   '/data/data/com.termux/files/home/lemba-back/node_modules/fill-range'
27 silly reify ]
28 silly reify mark retired [
28 silly reify   '/data/data/com.termux/files/home/lemba-back/node_modules/glob-parent'
28 silly reify ]
29 silly reify mark retired [ '/data/data/com.termux/files/home/lemba-back/node_modules/has-flag' ]
30 silly reify mark retired [
30 silly reify   '/data/data/com.termux/files/home/lemba-back/node_modules/ignore-by-default'
30 silly reify ]
31 silly reify mark retired [
31 silly reify   '/data/data/com.termux/files/home/lemba-back/node_modules/is-binary-path'
31 silly reify ]
32 silly reify mark retired [
32 silly reify   '/data/data/com.termux/files/home/lemba-back/node_modules/is-extglob'
32 silly reify ]
33 silly reify mark retired [ '/data/data/com.termux/files/home/lemba-back/node_modules/is-glob' ]
34 silly reify mark retired [
34 silly reify   '/data/data/com.termux/files/home/lemba-back/node_modules/is-number'
34 silly reify ]
35 silly reify mark retired [
35 silly reify   '/data/data/com.termux/files/home/lemba-back/node_modules/minimatch'
35 silly reify ]
36 silly reify mark retired [
36 silly reify   '/data/data/com.termux/files/home/lemba-back/node_modules/nodemon',
36 silly reify   '/data/data/com.termux/files/home/lemba-back/node_modules/.bin/nodemon'
36 silly reify ]
37 silly reify mark retired [
37 silly reify   '/data/data/com.termux/files/home/lemba-back/node_modules/normalize-path'
37 silly reify ]
38 silly reify mark retired [
38 silly reify   '/data/data/com.termux/files/home/lemba-back/node_modules/picomatch'
38 silly reify ]
39 silly reify mark retired [
39 silly reify   '/data/data/com.termux/files/home/lemba-back/node_modules/pstree.remy'
39 silly reify ]
40 silly reify mark retired [ '/data/data/com.termux/files/home/lemba-back/node_modules/readdirp' ]
41 silly reify mark retired [
41 silly reify   '/data/data/com.termux/files/home/lemba-back/node_modules/semver',
41 silly reify   '/data/data/com.termux/files/home/lemba-back/node_modules/.bin/semver'
41 silly reify ]
42 silly reify mark retired [
42 silly reify   '/data/data/com.termux/files/home/lemba-back/node_modules/simple-update-notifier'
42 silly reify ]
43 silly reify mark retired [
43 silly reify   '/data/data/com.termux/files/home/lemba-back/node_modules/supports-color'
43 silly reify ]
44 silly reify mark retired [
44 silly reify   '/data/data/com.termux/files/home/lemba-back/node_modules/to-regex-range'
44 silly reify ]
45 silly reify mark retired [
45 silly reify   '/data/data/com.termux/files/home/lemba-back/node_modules/touch',
45 silly reify   '/data/data/com.termux/files/home/lemba-back/node_modules/.bin/nodetouch'
45 silly reify ]
46 silly reify mark retired [
46 silly reify   '/data/data/com.termux/files/home/lemba-back/node_modules/undefsafe'
46 silly reify ]
47 silly reify moves {
47 silly reify   '/data/data/com.termux/files/home/lemba-back/node_modules/anymatch': '/data/data/com.termux/files/home/lemba-back/node_modules/.anymatch-wHJO02Lp',
47 silly reify   '/data/data/com.termux/files/home/lemba-back/node_modules/balanced-match': '/data/data/com.termux/files/home/lemba-back/node_modules/.balanced-match-OZpAPJ4s',
47 silly reify   '/data/data/com.termux/files/home/lemba-back/node_modules/binary-extensions': '/data/data/com.termux/files/home/lemba-back/node_modules/.binary-extensions-Tul6bYX5',
47 silly reify   '/data/data/com.termux/files/home/lemba-back/node_modules/brace-expansion': '/data/data/com.termux/files/home/lemba-back/node_modules/.brace-expansion-6KrGIOGu',
47 silly reify   '/data/data/com.termux/files/home/lemba-back/node_modules/braces': '/data/data/com.termux/files/home/lemba-back/node_modules/.braces-PtEaCroI',
47 silly reify   '/data/data/com.termux/files/home/lemba-back/node_modules/chokidar': '/data/data/com.termux/files/home/lemba-back/node_modules/.chokidar-UvyiG27n',
47 silly reify   '/data/data/com.termux/files/home/lemba-back/node_modules/dotenv': '/data/data/com.termux/files/home/lemba-back/node_modules/.dotenv-epgInkKj',
47 silly reify   '/data/data/com.termux/files/home/lemba-back/node_modules/fill-range': '/data/data/com.termux/files/home/lemba-back/node_modules/.fill-range-PXo7kuVt',
47 silly reify   '/data/data/com.termux/files/home/lemba-back/node_modules/glob-parent': '/data/data/com.termux/files/home/lemba-back/node_modules/.glob-parent-BGjFnzlM',
47 silly reify   '/data/data/com.termux/files/home/lemba-back/node_modules/has-flag': '/data/data/com.termux/files/home/lemba-back/node_modules/.has-flag-uCW68OVH',
47 silly reify   '/data/data/com.termux/files/home/lemba-back/node_modules/ignore-by-default': '/data/data/com.termux/files/home/lemba-back/node_modules/.ignore-by-default-wMZIcmfq',
47 silly reify   '/data/data/com.termux/files/home/lemba-back/node_modules/is-binary-path': '/data/data/com.termux/files/home/lemba-back/node_modules/.is-binary-path-7i24dT4G',
47 silly reify   '/data/data/com.termux/files/home/lemba-back/node_modules/is-extglob': '/data/data/com.termux/files/home/lemba-back/node_modules/.is-extglob-a6vSM305',
47 silly reify   '/data/data/com.termux/files/home/lemba-back/node_modules/is-glob': '/data/data/com.termux/files/home/lemba-back/node_modules/.is-glob-CkydjMVm',
47 silly reify   '/data/data/com.termux/files/home/lemba-back/node_modules/is-number': '/data/data/com.termux/files/home/lemba-back/node_modules/.is-number-l1nfQ5Y9',
47 silly reify   '/data/data/com.termux/files/home/lemba-back/node_modules/minimatch': '/data/data/com.termux/files/home/lemba-back/node_modules/.minimatch-YOqo2QGh',
47 silly reify   '/data/data/com.termux/files/home/lemba-back/node_modules/nodemon': '/data/data/com.termux/files/home/lemba-back/node_modules/.nodemon-Vuec6mLB',
47 silly reify   '/data/data/com.termux/files/home/lemba-back/node_modules/.bin/nodemon': '/data/data/com.termux/files/home/lemba-back/node_modules/.bin/.nodemon-Ktb5BVkH',
47 silly reify   '/data/data/com.termux/files/home/lemba-back/node_modules/normalize-path': '/data/data/com.termux/files/home/lemba-back/node_modules/.normalize-path-kI84MIxZ',
47 silly reify   '/data/data/com.termux/files/home/lemba-back/node_modules/picomatch': '/data/data/com.termux/files/home/lemba-back/node_modules/.picomatch-Gh4VfE7Q',
47 silly reify   '/data/data/com.termux/files/home/lemba-back/node_modules/pstree.remy': '/data/data/com.termux/files/home/lemba-back/node_modules/.pstree.remy-Apw7VApK',
47 silly reify   '/data/data/com.termux/files/home/lemba-back/node_modules/readdirp': '/data/data/com.termux/files/home/lemba-back/node_modules/.readdirp-rqE9W6y4',
47 silly reify   '/data/data/com.termux/files/home/lemba-back/node_modules/semver': '/data/data/com.termux/files/home/lemba-back/node_modules/.semver-azxvDjYT',
47 silly reify   '/data/data/com.termux/files/home/lemba-back/node_modules/.bin/semver': '/data/data/com.termux/files/home/lemba-back/node_modules/.bin/.semver-FepzJstC',
47 silly reify   '/data/data/com.termux/files/home/lemba-back/node_modules/simple-update-notifier': '/data/data/com.termux/files/home/lemba-back/node_modules/.simple-update-notifier-nz18r5OP',
47 silly reify   '/data/data/com.termux/files/home/lemba-back/node_modules/supports-color': '/data/data/com.termux/files/home/lemba-back/node_modules/.supports-color-Slh0EMcd',
47 silly reify   '/data/data/com.termux/files/home/lemba-back/node_modules/to-regex-range': '/data/data/com.termux/files/home/lemba-back/node_modules/.to-regex-range-ZBek99r2',
47 silly reify   '/data/data/com.termux/files/home/lemba-back/node_modules/touch': '/data/data/com.termux/files/home/lemba-back/node_modules/.touch-qiU4tRPi',
47 silly reify   '/data/data/com.termux/files/home/lemba-back/node_modules/.bin/nodetouch': '/data/data/com.termux/files/home/lemba-back/node_modules/.bin/.nodetouch-NLZC2zLn',
47 silly reify   '/data/data/com.termux/files/home/lemba-back/node_modules/undefsafe': '/data/data/com.termux/files/home/lemba-back/node_modules/.undefsafe-d2tihdYm'
47 silly reify }
48 silly audit bulk request {
48 silly audit   accepts: [ '2.0.0' ],
48 silly audit   bcryptjs: [ '3.0.3' ],
48 silly audit   'body-parser': [ '2.2.2' ],
48 silly audit   bytes: [ '3.1.2' ],
48 silly audit   'call-bind-apply-helpers': [ '1.0.2' ],
48 silly audit   'call-bound': [ '1.0.4' ],
48 silly audit   'content-disposition': [ '1.1.0' ],
48 silly audit   'content-type': [ '1.0.5' ],
48 silly audit   cookie: [ '0.7.2' ],
48 silly audit   'cookie-signature': [ '1.2.2', '1.0.7' ],
48 silly audit   cors: [ '2.8.6' ],
48 silly audit   debug: [ '4.4.3', '2.6.9' ],
48 silly audit   depd: [ '2.0.0' ],
48 silly audit   'dunder-proto': [ '1.0.1' ],
48 silly audit   'ee-first': [ '1.1.1' ],
48 silly audit   encodeurl: [ '2.0.0' ],
48 silly audit   'es-define-property': [ '1.0.1' ],
48 silly audit   'es-errors': [ '1.3.0' ],
48 silly audit   'es-object-atoms': [ '1.1.1' ],
48 silly audit   'escape-html': [ '1.0.3' ],
48 silly audit   etag: [ '1.8.1' ],
48 silly audit   express: [ '5.2.1' ],
48 silly audit   'express-session': [ '1.19.0' ],
48 silly audit   ms: [ '2.0.0', '2.1.3' ],
48 silly audit   finalhandler: [ '2.1.1' ],
48 silly audit   forwarded: [ '0.2.0' ],
48 silly audit   fresh: [ '2.0.0' ],
48 silly audit   'function-bind': [ '1.1.2' ],
48 silly audit   'get-intrinsic': [ '1.3.0' ],
48 silly audit   'get-proto': [ '1.0.1' ],
48 silly audit   gopd: [ '1.2.0' ],
48 silly audit   'has-symbols': [ '1.1.0' ],
48 silly audit   hasown: [ '2.0.3' ],
48 silly audit   'http-errors': [ '2.0.1' ],
48 silly audit   'iconv-lite': [ '0.7.2' ],
48 silly audit   inherits: [ '2.0.4' ],
48 silly audit   'ipaddr.js': [ '1.9.1' ],
48 silly audit   'is-promise': [ '4.0.0' ],
48 silly audit   'math-intrinsics': [ '1.1.0' ],
48 silly audit   'media-typer': [ '1.1.0' ],
48 silly audit   'merge-descriptors': [ '2.0.0' ],
48 silly audit   'mime-db': [ '1.54.0' ],
48 silly audit   'mime-types': [ '3.0.2' ],
48 silly audit   negotiator: [ '1.0.0' ],
48 silly audit   'object-assign': [ '4.1.1' ],
48 silly audit   'object-inspect': [ '1.13.4' ],
48 silly audit   'on-finished': [ '2.4.1' ],
48 silly audit   'on-headers': [ '1.1.0' ],
48 silly audit   once: [ '1.4.0' ],
48 silly audit   parseurl: [ '1.3.3' ],
48 silly audit   'path-to-regexp': [ '8.4.2' ],
48 silly audit   pg: [ '8.20.0' ],
48 silly audit   'pg-cloudflare': [ '1.3.0' ],
48 silly audit   'pg-connection-string': [ '2.12.0' ],
48 silly audit   'pg-int8': [ '1.0.1' ],
48 silly audit   'pg-pool': [ '3.13.0' ],
48 silly audit   'pg-protocol': [ '1.13.0' ],
48 silly audit   'pg-types': [ '2.2.0' ],
48 silly audit   pgpass: [ '1.0.5' ],
48 silly audit   'postgres-array': [ '2.0.0' ],
48 silly audit   'postgres-bytea': [ '1.0.1' ],
48 silly audit   'postgres-date': [ '1.0.7' ],
48 silly audit   'postgres-interval': [ '1.2.0' ],
48 silly audit   'proxy-addr': [ '2.0.7' ],
48 silly audit   qs: [ '6.15.1' ],
48 silly audit   'random-bytes': [ '1.0.0' ],
48 silly audit   'range-parser': [ '1.2.1' ],
48 silly audit   'raw-body': [ '3.0.2' ],
48 silly audit   router: [ '2.2.0' ],
48 silly audit   'safe-buffer': [ '5.2.1' ],
48 silly audit   'safer-buffer': [ '2.1.2' ],
48 silly audit   send: [ '1.2.1' ],
48 silly audit   'serve-static': [ '2.2.1' ],
48 silly audit   setprototypeof: [ '1.2.0' ],
48 silly audit   'side-channel': [ '1.1.0' ],
48 silly audit   'side-channel-list': [ '1.0.1' ],
48 silly audit   'side-channel-map': [ '1.0.1' ],
48 silly audit   'side-channel-weakmap': [ '1.0.2' ],
48 silly audit   split2: [ '4.2.0' ],
48 silly audit   statuses: [ '2.0.2' ],
48 silly audit   toidentifier: [ '1.0.1' ],
48 silly audit   'type-is': [ '2.0.1' ],
48 silly audit   'uid-safe': [ '2.1.5' ],
48 silly audit   unpipe: [ '1.0.0' ],
48 silly audit   vary: [ '1.1.2' ],
48 silly audit   wrappy: [ '1.0.2' ],
48 silly audit   xtend: [ '4.0.2' ],
48 silly audit   postgres: [ '3.4.9' ]
48 silly audit }
49 http cache postgres@https://registry.npmjs.org/postgres/-/postgres-3.4.9.tgz 2ms (cache hit)
50 silly tarball no local data for postgres@https://registry.npmjs.org/postgres/-/postgres-3.4.9.tgz. Extracting by manifest.
51 http fetch POST 200 https://registry.npmjs.org/-/npm/v1/security/advisories/bulk 490ms
52 silly audit report {}
53 http fetch GET 200 https://registry.npmjs.org/postgres/-/postgres-3.4.9.tgz 822ms (cache miss)
54 silly ADD node_modules/postgres
55 silly REMOVE node_modules/undefsafe
56 silly REMOVE node_modules/touch
57 silly REMOVE node_modules/to-regex-range
58 silly REMOVE node_modules/supports-color
59 silly REMOVE node_modules/simple-update-notifier
60 silly REMOVE node_modules/semver
61 silly REMOVE node_modules/readdirp
62 silly REMOVE node_modules/pstree.remy
63 silly REMOVE node_modules/picomatch
64 silly REMOVE node_modules/normalize-path
65 silly REMOVE node_modules/nodemon
66 silly REMOVE node_modules/minimatch
67 silly REMOVE node_modules/is-number
68 silly REMOVE node_modules/is-glob
69 silly REMOVE node_modules/is-extglob
70 silly REMOVE node_modules/is-binary-path
71 silly REMOVE node_modules/ignore-by-default
72 silly REMOVE node_modules/has-flag
73 silly REMOVE node_modules/glob-parent
74 silly REMOVE node_modules/fill-range
75 silly REMOVE node_modules/dotenv
76 silly REMOVE node_modules/chokidar
77 silly REMOVE node_modules/braces
78 silly REMOVE node_modules/brace-expansion
79 silly REMOVE node_modules/binary-extensions
80 silly REMOVE node_modules/balanced-match
81 silly REMOVE node_modules/anymatch
82 verbose cwd /data/data/com.termux/files/home/lemba-back
83 verbose os Linux 5.15.178-android13-8-g6e4a9375250c-dirty
84 verbose node v24.14.1
85 verbose npm  v11.13.0
86 verbose exit 0
87 info ok
