0 verbose cli /data/data/com.termux/files/usr/bin/node /data/data/com.termux/files/usr/bin/npm
1 info using npm@11.13.0
2 info using node@v24.14.1
3 silly config load:file:/data/data/com.termux/files/usr/lib/node_modules/npm/npmrc
4 silly config load:file:/data/data/com.termux/files/home/home-nucleo/.npmrc
5 silly config load:file:/data/data/com.termux/files/home/.npmrc
6 silly config load:file:/data/data/com.termux/files/usr/etc/npmrc
7 verbose title npm init
8 verbose argv "init"
9 verbose logfile logs-max:10 dir:/data/data/com.termux/files/home/.npm/_logs/2026-05-12T07_18_34_268Z-
10 verbose logfile /data/data/com.termux/files/home/.npm/_logs/2026-05-12T07_18_34_268Z-debug-0.log
11 silly logfile start cleaning logs, removing 1 files
12 silly logfile done cleaning log files
13 silly package data {
13 silly package data   name: 'home-nucleo',
13 silly package data   version: '1.0.0',
13 silly package data   description: '',
13 silly package data   main: 'app.js',
13 silly package data   scripts: { test: 'node app.js' },
13 silly package data   author: '',
13 silly package data   license: 'ISC',
13 silly package data   type: 'commonjs'
13 silly package data }
14 verbose cwd /data/data/com.termux/files/home/home-nucleo
15 verbose os Linux 5.15.178-android13-8-g6e4a9375250c-dirty
16 verbose node v24.14.1
17 verbose npm  v11.13.0
18 verbose exit 0
19 info ok
